time="2025-07-31 13:40:05.969" level=error msg="数据库连接未初始化！"
time="2025-07-31 13:40:05.970" level=error msg="数据库连接未初始化！"
time="2025-07-31 13:40:05.970" level=error msg="failed to connect database"
time="2025-07-31 13:40:05.971" level=error msg="测试连接失败！"
time="2025-07-31 13:43:09.139" level=error msg="数据库连接未初始化！"
time="2025-07-31 13:43:09.139" level=error msg="数据库连接未初始化！"
time="2025-07-31 13:43:09.140" level=error msg="failed to connect database"
time="2025-07-31 13:43:09.140" level=error msg="测试连接失败！"
time="2025-07-31 13:49:06.113" level=error msg="数据库连接未初始化！"
time="2025-07-31 13:49:06.114" level=error msg="数据库连接未初始化！"
time="2025-07-31 13:49:06.114" level=error msg="failed to connect database"
time="2025-07-31 13:53:24.452" level=error msg="数据库连接未初始化！"
time="2025-07-31 13:53:24.453" level=error msg="数据库连接未初始化！"
time="2025-07-31 13:53:24.454" level=error msg="failed to connect database"
time="2025-07-31 13:55:07.206" level=error msg="数据库连接未初始化！"
time="2025-07-31 13:55:07.207" level=error msg="数据库连接未初始化！"
time="2025-07-31 13:55:07.207" level=error msg="failed to connect database"
time="2025-07-31 13:57:08.742" level=error msg="数据库连接未初始化！"
time="2025-07-31 13:57:08.743" level=error msg="数据库连接未初始化！"
time="2025-07-31 13:57:08.744" level=info msg=":memory: 数据库连接初始化"
time="2025-07-31 13:57:08.744" level=error msg="failed to connect database"
time="2025-07-31 13:57:28.683" level=error msg="数据库连接未初始化！"
time="2025-07-31 13:57:28.684" level=error msg="数据库连接未初始化！"
time="2025-07-31 13:57:28.685" level=info msg=" 数据库连接初始化"
time="2025-07-31 13:57:28.685" level=error msg="failed to connect database"
time="2025-07-31 14:02:01.951" level=error msg="数据库连接未初始化！"
time="2025-07-31 14:02:01.952" level=error msg="数据库连接未初始化！"
time="2025-07-31 14:02:01.952" level=info msg=" 数据库连接初始化"
time="2025-07-31 14:02:01.952" level=error msg="failed to connect database"
time="2025-07-31 14:03:23.150" level=error msg="数据库连接未初始化！"
time="2025-07-31 14:03:23.150" level=error msg="数据库连接未初始化！"
time="2025-07-31 14:03:23.151" level=info msg=":memory: 数据库连接初始化"
time="2025-07-31 14:03:23.151" level=error msg="failed to connect database"
time="2025-07-31 14:04:58.275" level=error msg="数据库连接未初始化！"
time="2025-07-31 14:04:58.275" level=error msg="数据库连接未初始化！"
time="2025-07-31 14:04:58.275" level=info msg=" 数据库连接初始化"
time="2025-07-31 14:04:58.276" level=error msg="failed to connect database"
time="2025-07-31 14:09:04.675" level=info msg=" 数据库连接初始化"
time="2025-07-31 14:18:52.676" level=info msg=" 数据库连接初始化"
time="2025-07-31 14:18:52.676" level=error msg="failed to connect database"
time="2025-07-31 14:19:29.907" level=info msg=" 数据库连接初始化"
time="2025-07-31 14:19:29.907" level=error msg="failed to connect database"
time="2025-07-31 14:21:04.417" level=info msg="./databases/blog.db 数据库连接初始化"
time="2025-07-31 14:21:04.418" level=error msg="failed to connect database"
time="2025-07-31 14:21:32.655" level=info msg="./databases/blog.db 数据库连接初始化"
time="2025-07-31 14:22:55.648" level=info msg="./databases/blog.db 数据库连接初始化"
time="2025-07-31 14:22:55.649" level=error msg="failed to connect database. Binary was compiled with 'CGO_ENABLED=0', go-sqlite3 requires cgo to work. This is a stub"
time="2025-07-31 14:22:55.649" level=error msg="数据库连接未初始化！"
time="2025-07-31 14:33:02.936" level=info msg="./databases/blog.db 数据库连接初始化"
time="2025-07-31 14:33:02.936" level=error msg="failed to connect database. Binary was compiled with 'CGO_ENABLED=0', go-sqlite3 requires cgo to work. This is a stub"
time="2025-07-31 14:33:02.937" level=error msg="数据库连接未初始化！"
time="2025-07-31 14:33:31.206" level=info msg="./databases/blog.db 数据库连接初始化"
time="2025-07-31 14:33:31.207" level=error msg="failed to connect database. Binary was compiled with 'CGO_ENABLED=0', go-sqlite3 requires cgo to work. This is a stub"
time="2025-07-31 14:33:31.207" level=error msg="数据库连接未初始化！"
time="2025-07-31 14:34:47.103" level=info msg="./databases/blog.db 数据库连接初始化"
time="2025-07-31 14:34:47.103" level=error msg="failed to connect database. Binary was compiled with 'CGO_ENABLED=0', go-sqlite3 requires cgo to work. This is a stub"
time="2025-07-31 14:34:47.103" level=error msg="数据库连接未初始化！"
time="2025-07-31 14:35:20.271" level=info msg="./databases/blog.db 数据库连接初始化"
time="2025-07-31 14:35:20.271" level=error msg="failed to connect database. Binary was compiled with 'CGO_ENABLED=0', go-sqlite3 requires cgo to work. This is a stub"
time="2025-07-31 14:35:20.271" level=error msg="数据库连接未初始化！"
time="2025-07-31 14:50:59.678" level=info msg="./databases/blog.db 数据库连接初始化"
time="2025-07-31 14:50:59.679" level=info msg="数据库连接成功！"
time="2025-07-31 14:52:24.772" level=info msg="./databases/blog.db 数据库连接初始化"
time="2025-07-31 14:52:24.774" level=info msg="数据库连接成功！"
time="2025-07-31 14:53:16.609" level=info msg="./databases/blog.db 数据库连接初始化"
time="2025-07-31 14:53:16.610" level=info msg="数据库连接成功！"
time="2025-07-31 15:02:46.291" level=info msg="./databases/blog.db 数据库连接初始化"
time="2025-07-31 15:02:46.293" level=info msg="数据库连接成功！"
time="2025-07-31 15:03:04.396" level=info msg="./databases/blog.db 数据库连接初始化"
time="2025-07-31 15:03:25.459" level=info msg="数据库连接成功！"
time="2025-07-31 15:15:36.948" level=error msg="数据库连接未初始化！"
time="2025-07-31 15:15:36.949" level=error msg="数据库连接未初始化！"
time="2025-07-31 15:15:48.172" level=info msg="./databases/blog.db 数据库连接初始化"
time="2025-07-31 15:15:48.174" level=info msg="数据库连接成功！"
time="2025-07-31 15:16:57.946" level=error msg="数据库连接未初始化！"
time="2025-07-31 15:16:57.946" level=error msg="数据库连接未初始化！"
time="2025-07-31 15:16:57.947" level=info msg="./databases/blog.db 数据库连接初始化"
time="2025-07-31 15:16:57.949" level=info msg="数据库连接成功！"
time="2025-07-31 15:17:45.448" level=error msg="数据库连接未初始化！"
time="2025-07-31 15:17:45.448" level=error msg="数据库连接未初始化！"
time="2025-07-31 15:17:45.449" level=info msg=":memory: 数据库连接初始化"
time="2025-07-31 15:17:45.450" level=info msg="数据库连接成功！"
time="2025-07-31 15:17:45.456" level=error msg="服务器内部异常" err="runtime error: invalid memory address or nil pointer dereference" ip=127.0.0.1 method=POST path=/register
time="2025-07-31 15:17:45.457" level=info msg=":memory: 数据库连接初始化"
time="2025-07-31 15:17:45.458" level=info msg="数据库连接成功！"
time="2025-07-31 15:17:45.463" level=error msg="服务器内部异常" err="runtime error: invalid memory address or nil pointer dereference" ip=127.0.0.1 method=POST path=/Login
time="2025-07-31 15:17:45.463" level=info msg=":memory: 数据库连接初始化"
time="2025-07-31 15:17:45.464" level=info msg="数据库连接成功！"
time="2025-07-31 15:17:45.469" level=error msg="服务器内部异常" err="runtime error: invalid memory address or nil pointer dereference" ip=127.0.0.1 method=GET path=/post/
time="2025-07-31 15:17:45.469" level=info msg=":memory: 数据库连接初始化"
time="2025-07-31 15:17:45.470" level=info msg="数据库连接成功！"
time="2025-07-31 15:17:45.475" level=error msg="服务器内部异常" err="runtime error: invalid memory address or nil pointer dereference" ip=127.0.0.1 method=GET path=/post/1
time="2025-07-31 15:17:45.477" level=info msg=":memory: 数据库连接初始化"
time="2025-07-31 15:17:45.477" level=info msg="数据库连接成功！"
time="2025-07-31 15:17:45.482" level=error msg="服务器内部异常" err="runtime error: invalid memory address or nil pointer dereference" ip=127.0.0.1 method=GET path=/post/1/comment
time="2025-07-31 15:17:45.483" level=info msg=":memory: 数据库连接初始化"
time="2025-07-31 15:17:45.484" level=info msg="数据库连接成功！"
time="2025-07-31 15:17:45.490" level=error msg="服务器内部异常" err="runtime error: invalid memory address or nil pointer dereference" ip=127.0.0.1 method=POST path=/Login
time="2025-07-31 15:19:01.152" level=error msg="数据库连接未初始化！"
time="2025-07-31 15:19:01.152" level=error msg="数据库连接未初始化！"
time="2025-07-31 15:19:01.152" level=info msg=":memory: 数据库连接初始化"
time="2025-07-31 15:19:01.154" level=info msg="数据库连接成功！"
time="2025-07-31 15:19:01.161" level=error msg="服务器内部异常" err="runtime error: invalid memory address or nil pointer dereference" ip=127.0.0.1 method=POST path=/register
time="2025-07-31 15:22:29.012" level=error msg="数据库连接未初始化！"
time="2025-07-31 15:22:29.013" level=error msg="数据库连接未初始化！"
time="2025-07-31 15:22:29.056" level=info msg=":memory: 数据库连接初始化"
time="2025-07-31 15:22:29.062" level=info msg="数据库连接成功！"
time="2025-07-31 15:22:29.084" level=error msg="服务器内部异常" err="runtime error: invalid memory address or nil pointer dereference" ip=127.0.0.1 method=POST path=/register
time="2025-07-31 15:34:19.650" level=error msg="数据库连接未初始化！"
time="2025-07-31 15:34:19.650" level=error msg="数据库连接未初始化！"
time="2025-07-31 15:34:19.651" level=info msg="./databases/blog.db 数据库连接初始化"
time="2025-07-31 15:34:19.652" level=info msg="数据库连接成功！"
time="2025-07-31 15:36:53.227" level=error msg="服务器内部异常" err="runtime error: invalid memory address or nil pointer dereference" ip=127.0.0.1 method=POST path=/register
time="2025-07-31 15:38:45.567" level=error msg="数据库连接未初始化！"
time="2025-07-31 15:38:45.567" level=error msg="数据库连接未初始化！"
time="2025-07-31 15:38:45.568" level=info msg="./databases/blog.db 数据库连接初始化"
time="2025-07-31 15:38:45.570" level=info msg="数据库连接成功！"
time="2025-07-31 15:39:11.283" level=error msg="服务器内部异常" err="runtime error: invalid memory address or nil pointer dereference" ip=127.0.0.1 method=POST path=/register
time="2025-07-31 15:39:34.570" level=error msg="服务器内部异常" err="runtime error: invalid memory address or nil pointer dereference" ip=127.0.0.1 method=POST path=/register
time="2025-07-31 15:39:52.243" level=error msg="数据库连接未初始化！"
time="2025-07-31 15:39:52.243" level=error msg="数据库连接未初始化！"
time="2025-07-31 15:39:52.244" level=info msg="./databases/blog.db 数据库连接初始化"
time="2025-07-31 15:39:52.246" level=info msg="数据库连接成功！"
time="2025-07-31 15:40:24.425" level=error msg="数据库连接未初始化！"
time="2025-07-31 15:40:24.425" level=error msg="数据库连接未初始化！"
time="2025-07-31 15:40:24.426" level=info msg="./databases/blog.db 数据库连接初始化"
time="2025-07-31 15:40:24.428" level=info msg="数据库连接成功！"
time="2025-07-31 15:43:16.957" level=error msg="数据库连接未初始化！"
time="2025-07-31 15:43:16.957" level=error msg="数据库连接未初始化！"
time="2025-07-31 15:43:16.958" level=info msg="./databases/blog.db 数据库连接初始化"
time="2025-07-31 15:43:16.959" level=info msg="数据库连接成功！"
time="2025-07-31 15:45:01.534" level=error msg="数据库连接未初始化！"
time="2025-07-31 15:45:01.534" level=error msg="数据库连接未初始化！"
time="2025-07-31 15:45:01.535" level=info msg="./databases/blog.db 数据库连接初始化"
time="2025-07-31 15:45:01.537" level=info msg="数据库连接成功！"
time="2025-07-31 15:47:06.752" level=info msg="./databases/blog.db 数据库连接初始化"
time="2025-07-31 15:47:06.755" level=info msg="数据库连接成功！"
time="2025-07-31 15:47:42.820" level=info msg="账户注册成功"
time="2025-07-31 15:48:30.617" level=info msg=":memory: 数据库连接初始化"
time="2025-07-31 15:48:30.618" level=info msg="数据库连接成功！"
time="2025-07-31 15:48:30.681" level=info msg="账户注册成功"
time="2025-07-31 15:48:30.682" level=info msg=":memory: 数据库连接初始化"
time="2025-07-31 15:48:30.682" level=info msg="数据库连接成功！"
time="2025-07-31 15:48:30.687" level=error msg="用户名或密码错误"
time="2025-07-31 15:48:30.687" level=info msg="登录成功"
time="2025-07-31 15:48:30.688" level=info msg=":memory: 数据库连接初始化"
time="2025-07-31 15:48:30.688" level=info msg="数据库连接成功！"
time="2025-07-31 15:48:30.695" level=error msg="文章获取异常"
time="2025-07-31 15:48:30.695" level=info msg="批次获取文章成功"
time="2025-07-31 15:48:30.696" level=info msg=":memory: 数据库连接初始化"
time="2025-07-31 15:48:30.696" level=info msg="数据库连接成功！"
time="2025-07-31 15:48:30.702" level=error msg="文章获取异常"
time="2025-07-31 15:48:30.702" level=info msg="评论获取成功"
time="2025-07-31 15:48:30.703" level=info msg=":memory: 数据库连接初始化"
time="2025-07-31 15:48:30.703" level=info msg="数据库连接成功！"
time="2025-07-31 15:48:30.709" level=error msg="评论获取异常"
time="2025-07-31 15:48:30.709" level=info msg="批次获取文章成功"
time="2025-07-31 15:48:30.710" level=info msg=":memory: 数据库连接初始化"
time="2025-07-31 15:48:30.711" level=info msg="数据库连接成功！"
time="2025-07-31 15:48:30.716" level=error msg="用户名或密码错误"
time="2025-07-31 15:48:30.716" level=info msg="登录成功"
time="2025-07-31 15:48:45.319" level=info msg=":memory: 数据库连接初始化"
time="2025-07-31 15:48:45.320" level=info msg="数据库连接成功！"
time="2025-07-31 15:48:45.382" level=info msg="账户注册成功"
time="2025-07-31 15:50:03.813" level=info msg=":memory: 数据库连接初始化"
time="2025-07-31 15:50:03.815" level=info msg="数据库连接成功！"
time="2025-07-31 15:50:03.822" level=error msg="用户名或密码错误"
time="2025-07-31 15:50:03.823" level=info msg="登录成功"
time="2025-07-31 15:51:53.355" level=info msg="./databases/blog.db 数据库连接初始化"
time="2025-07-31 15:51:53.357" level=info msg="数据库连接成功！"
time="2025-07-31 15:55:52.562" level=info msg="./databases/blog.db 数据库连接初始化"
time="2025-07-31 15:55:52.565" level=info msg="数据库连接成功！"
time="2025-07-31 15:56:44.043" level=error msg="用户名或密码错误"
time="2025-07-31 15:56:57.850" level=error msg="用户名或密码错误"
time="2025-07-31 15:57:06.448" level=info msg="登录成功"
time="2025-07-31 15:58:14.714" level=info msg="./databases/blog.db 数据库连接初始化"
time="2025-07-31 15:58:14.716" level=info msg="数据库连接成功！"
time="2025-07-31 16:00:08.146" level=info msg="./databases/blog.db 数据库连接初始化"
time="2025-07-31 16:00:08.149" level=info msg="数据库连接成功！"
time="2025-07-31 16:03:49.319" level=info msg=":memory: 数据库连接初始化"
time="2025-07-31 16:03:49.320" level=info msg="数据库连接成功！"
time="2025-07-31 16:03:49.382" level=info msg="注册用户: newuser 密码： $2a$10$J3T2HoeIXP/7PgBKo4ZGoeUUnQyMQFWpNkpbg.maX/DM214X.SxWG 邮箱： newuser@test.com"
time="2025-07-31 16:03:49.382" level=info msg="账户注册成功"
time="2025-07-31 16:03:49.384" level=info msg=":memory: 数据库连接初始化"
time="2025-07-31 16:03:49.384" level=info msg="数据库连接成功！"
time="2025-07-31 16:03:49.389" level=info msg=":memory: 数据库连接初始化"
time="2025-07-31 16:03:49.389" level=info msg="数据库连接成功！"
time="2025-07-31 16:03:49.394" level=error msg="文章获取异常"
time="2025-07-31 16:03:49.395" level=info msg="批次获取文章成功"
time="2025-07-31 16:03:49.395" level=info msg=":memory: 数据库连接初始化"
time="2025-07-31 16:03:49.396" level=info msg="数据库连接成功！"
time="2025-07-31 16:03:49.401" level=error msg="文章获取异常"
time="2025-07-31 16:03:49.401" level=info msg="评论获取成功"
time="2025-07-31 16:03:49.402" level=info msg=":memory: 数据库连接初始化"
time="2025-07-31 16:03:49.402" level=info msg="数据库连接成功！"
time="2025-07-31 16:03:49.407" level=error msg="评论获取异常"
time="2025-07-31 16:03:49.407" level=info msg="批次获取文章成功"
time="2025-07-31 16:03:49.409" level=info msg=":memory: 数据库连接初始化"
time="2025-07-31 16:03:49.409" level=info msg="数据库连接成功！"
time="2025-07-31 16:06:13.726" level=info msg=":memory: 数据库连接初始化"
time="2025-07-31 16:06:13.728" level=info msg="数据库连接成功！"
time="2025-07-31 16:06:13.788" level=info msg="注册用户: newuser 密码： $2a$10$m4kEi4gqlRm0mY8DoVPnHu2pWaWTJlc1NCCCZYhUi.NDQG2Ccw.pS 邮箱： newuser@test.com"
time="2025-07-31 16:06:13.789" level=info msg="账户注册成功"
time="2025-07-31 16:07:17.961" level=info msg=":memory: 数据库连接初始化"
time="2025-07-31 16:07:17.961" level=info msg="数据库连接成功！"
time="2025-07-31 16:07:17.968" level=error msg="用户名或密码错误"
time="2025-07-31 16:07:18.025" level=info msg="注册用户: user1 密码： $2a$10$r/QL1P4kBF/cJlJ0cHpTo./X4z2gc4Kk0lvexTjT3ohqcjDbBNlO6 邮箱： newuser@test.com"
time="2025-07-31 16:07:18.026" level=error msg="账户注册失败"
time="2025-07-31 16:07:18.026" level=info msg="账户注册成功"
time="2025-07-31 16:08:21.105" level=info msg=":memory: 数据库连接初始化"
time="2025-07-31 16:08:21.106" level=info msg="数据库连接成功！"
time="2025-07-31 16:08:21.112" level=error msg="用户名或密码错误"
time="2025-07-31 16:08:21.171" level=info msg="注册用户: user1 密码： $2a$10$SJNHwr5mrmcD5S5g887Z3.OX3fhw4dnd.XhhUEaOR8wW3V1ot8aN. 邮箱： newuser@test.com"
time="2025-07-31 16:08:21.172" level=error msg="账户注册失败"
time="2025-07-31 16:08:21.172" level=info msg="账户注册成功"
time="2025-07-31 16:09:32.471" level=info msg=":memory: 数据库连接初始化"
time="2025-07-31 16:09:32.472" level=info msg="数据库连接成功！"
time="2025-07-31 16:09:32.479" level=error msg="用户名或密码错误"
time="2025-07-31 16:09:32.534" level=info msg="注册用户: user2 密码： $2a$10$/J4gz.aheRZc6vLI2HrgIOPyG7UqmN/ndWUBOJ4HnILOdjWSNuNNC 邮箱： newuser@test.com"
time="2025-07-31 16:09:32.535" level=error msg="账户注册失败"
time="2025-07-31 16:09:32.536" level=info msg="账户注册成功"
time="2025-07-31 16:10:06.463" level=info msg=":memory: 数据库连接初始化"
time="2025-07-31 16:10:06.465" level=info msg="数据库连接成功！"
time="2025-07-31 16:10:06.471" level=error msg="用户名或密码错误"
time="2025-07-31 16:10:06.527" level=info msg="注册用户: user3 密码： $2a$10$39OzxaUhP5Sw4GBligDpc.ebAhQc77shI4Cw5uIGI9tmIzDVxw.2y 邮箱： newuser@test.com"
time="2025-07-31 16:10:06.528" level=error msg="账户注册失败"
time="2025-07-31 16:10:06.528" level=info msg="账户注册成功"
time="2025-07-31 16:14:36.692" level=info msg="./databases/blog.db 数据库连接初始化"
time="2025-07-31 16:14:36.694" level=info msg="数据库连接成功！"
time="2025-07-31 16:14:42.432" level=error msg="用户名或密码错误"
time="2025-07-31 16:15:03.870" level=info msg="./databases/blog.db 数据库连接初始化"
time="2025-07-31 16:15:03.873" level=info msg="数据库连接成功！"
time="2025-07-31 16:17:32.369" level=error msg="用户名或密码错误"
time="2025-07-31 16:18:10.462" level=info msg="./databases/blog.db 数据库连接初始化"
time="2025-07-31 16:18:10.465" level=info msg="数据库连接成功！"
